<?xml version="1.0" encoding="UTF-8"?>
<!-- Generated by org.testng.reporters.JUnitXMLReporter -->
<testsuite ignored="0" hostname="VivekS-PC" failures="0" tests="4" name="Default test" time="4.491" errors="0" timestamp="2023-05-24T16:02:49 IST">
  <testcase classname="Test_Cases.Login_ValidCredentials" name="@BeforeMethod BrowserCongifTest" time="4.332">
    <failure type="org.openqa.selenium.remote.http.ConnectionFailedException" message="Unable to establish websocket connection to http://localhost:52803/devtools/browser/24e6c693-c9de-412a-b462-81382e0093d0
Build info: version: &amp;apos;4.5.1&amp;apos;, revision: &amp;apos;fcc4df1bc9c&amp;apos;
System info: os.name: &amp;apos;Windows 10&amp;apos;, os.arch: &amp;apos;amd64&amp;apos;, os.version: &amp;apos;10.0&amp;apos;, java.version: &amp;apos;17.0.7&amp;apos;
Driver info: driver.version: ChromeDriver">
      <![CDATA[org.openqa.selenium.remote.http.ConnectionFailedException: Unable to establish websocket connection to http://localhost:52803/devtools/browser/24e6c693-c9de-412a-b462-81382e0093d0
Build info: version: '4.5.1', revision: 'fcc4df1bc9c'
System info: os.name: 'Windows 10', os.arch: 'amd64', os.version: '10.0', java.version: '17.0.7'
Driver info: driver.version: ChromeDriver
at org.openqa.selenium.remote.http.netty.NettyWebSocket.<init>(NettyWebSocket.java:102)
at org.openqa.selenium.remote.http.netty.NettyWebSocket.lambda$create$3(NettyWebSocket.java:128)
at org.openqa.selenium.remote.http.netty.NettyClient.openSocket(NettyClient.java:107)
at org.openqa.selenium.devtools.Connection.<init>(Connection.java:77)
at org.openqa.selenium.chromium.ChromiumDriver.lambda$new$2(ChromiumDriver.java:116)
at java.base/java.util.Optional.map(Optional.java:260)
at org.openqa.selenium.chromium.ChromiumDriver.<init>(ChromiumDriver.java:114)
at org.openqa.selenium.chrome.ChromeDriver.<init>(ChromeDriver.java:81)
at org.openqa.selenium.chrome.ChromeDriver.<init>(ChromeDriver.java:49)
at Bases.CDSL_Base.intialization(CDSL_Base.java:29)
at Test_Cases.Login_ValidCredentials.BrowserCongifTest(Login_ValidCredentials.java:19)
at java.base/jdk.internal.reflect.NativeMethodAccessorImpl.invoke0(Native Method)
at java.base/jdk.internal.reflect.NativeMethodAccessorImpl.invoke(NativeMethodAccessorImpl.java:77)
at java.base/jdk.internal.reflect.DelegatingMethodAccessorImpl.invoke(DelegatingMethodAccessorImpl.java:43)
at java.base/java.lang.reflect.Method.invoke(Method.java:568)
at org.testng.internal.MethodInvocationHelper.invokeMethod(MethodInvocationHelper.java:133)
at org.testng.internal.MethodInvocationHelper.invokeMethodConsideringTimeout(MethodInvocationHelper.java:62)
at org.testng.internal.ConfigInvoker.invokeConfigurationMethod(ConfigInvoker.java:385)
at org.testng.internal.ConfigInvoker.invokeConfigurations(ConfigInvoker.java:321)
at org.testng.internal.TestInvoker.runConfigMethods(TestInvoker.java:700)
at org.testng.internal.TestInvoker.invokeMethod(TestInvoker.java:527)
at org.testng.internal.TestInvoker.invokeTestMethod(TestInvoker.java:173)
at org.testng.internal.MethodRunner.runInSequence(MethodRunner.java:46)
at org.testng.internal.TestInvoker$MethodInvocationAgent.invoke(TestInvoker.java:824)
at org.testng.internal.TestInvoker.invokeTestMethods(TestInvoker.java:146)
at org.testng.internal.TestMethodWorker.invokeTestMethods(TestMethodWorker.java:146)
at org.testng.internal.TestMethodWorker.run(TestMethodWorker.java:128)
at java.base/java.util.ArrayList.forEach(ArrayList.java:1511)
at org.testng.TestRunner.privateRun(TestRunner.java:794)
at org.testng.TestRunner.run(TestRunner.java:596)
at org.testng.SuiteRunner.runTest(SuiteRunner.java:377)
at org.testng.SuiteRunner.runSequentially(SuiteRunner.java:371)
at org.testng.SuiteRunner.privateRun(SuiteRunner.java:332)
at org.testng.SuiteRunner.run(SuiteRunner.java:276)
at org.testng.SuiteRunnerWorker.runSuite(SuiteRunnerWorker.java:53)
at org.testng.SuiteRunnerWorker.run(SuiteRunnerWorker.java:96)
at org.testng.TestNG.runSuitesSequentially(TestNG.java:1212)
at org.testng.TestNG.runSuitesLocally(TestNG.java:1134)
at org.testng.TestNG.runSuites(TestNG.java:1063)
at org.testng.TestNG.run(TestNG.java:1031)
at org.testng.remote.AbstractRemoteTestNG.run(AbstractRemoteTestNG.java:115)
at org.testng.remote.RemoteTestNG.initAndRun(RemoteTestNG.java:251)
at org.testng.remote.RemoteTestNG.main(RemoteTestNG.java:77)
]]>
    </failure>
  </testcase> <!-- @BeforeMethod BrowserCongifTest -->
  <testcase classname="Test_Cases.Login_ValidCredentials" name="@AfterMethod BrowserCloseTest" time="-1.684924369649E9">
    <skipped/>
  </testcase> <!-- @AfterMethod BrowserCloseTest -->
  <testcase classname="Test_Cases.Login_ValidCredentials" name="@BeforeMethod BrowserCongifTest" time="-1.684924369652E9">
    <skipped/>
  </testcase> <!-- @BeforeMethod BrowserCongifTest -->
  <testcase classname="Test_Cases.Login_ValidCredentials" name="@AfterMethod BrowserCloseTest" time="-1.684924369676E9">
    <skipped/>
  </testcase> <!-- @AfterMethod BrowserCloseTest -->
  <testcase classname="Test_Cases.Login_ValidCredentials" name="@BeforeMethod BrowserCongifTest" time="-1.684924369679E9">
    <skipped/>
  </testcase> <!-- @BeforeMethod BrowserCongifTest -->
  <testcase classname="Test_Cases.Login_ValidCredentials" name="@AfterMethod BrowserCloseTest" time="-1.68492436969E9">
    <skipped/>
  </testcase> <!-- @AfterMethod BrowserCloseTest -->
  <testcase classname="Test_Cases.Login_ValidCredentials" name="@BeforeMethod BrowserCongifTest" time="-1.684924369693E9">
    <skipped/>
  </testcase> <!-- @BeforeMethod BrowserCongifTest -->
  <testcase classname="Test_Cases.Login_ValidCredentials" name="@AfterMethod BrowserCloseTest" time="-1.684924369712E9">
    <skipped/>
  </testcase> <!-- @AfterMethod BrowserCloseTest -->
  <testcase classname="Test_Cases.Login_ValidCredentials" name="ValidateLoginPageTest" time="0.0">
    <skipped/>
  </testcase> <!-- ValidateLoginPageTest -->
  <testcase classname="Test_Cases.Login_ValidCredentials" name="ValidateLogoTest" time="0.0">
    <skipped/>
  </testcase> <!-- ValidateLogoTest -->
  <testcase classname="Test_Cases.Login_ValidCredentials" name="ValidateTitleTest" time="0.0">
    <skipped/>
  </testcase> <!-- ValidateTitleTest -->
  <testcase classname="Test_Cases.Login_ValidCredentials" name="forgotPasswordTest" time="0.0">
    <skipped/>
  </testcase> <!-- forgotPasswordTest -->
</testsuite> <!-- Default test -->
